[  3%] [34m[1mGenerating C code for ROS interfaces[0m
[35m[1mScanning dependencies of target zed_topic_benchmark_interfaces__cpp[0m
[  6%] [34m[1mGenerating C++ code for ROS interfaces[0m
[35m[1mScanning dependencies of target zed_topic_benchmark_interfaces__rosidl_generator_c[0m
[  9%] [32mBuilding C object CMakeFiles/zed_topic_benchmark_interfaces__rosidl_generator_c.dir/rosidl_generator_c/zed_topic_benchmark_interfaces/msg/detail/benchmark_stats_stamped__functions.c.o[0m
[  9%] Built target zed_topic_benchmark_interfaces__cpp
[ 12%] [34m[1mGenerating C++ type support dispatch for ROS interfaces[0m
[ 16%] [34m[1mGenerating C++ type support for eProsima Fast-RTPS[0m
[ 19%] [34m[1mGenerating C++ introspection for ROS interfaces[0m
[ 22%] [32m[1mLinking C shared library libzed_topic_benchmark_interfaces__rosidl_generator_c.so[0m
[ 22%] Built target zed_topic_benchmark_interfaces__rosidl_generator_c
[ 25%] [34m[1mGenerating C type support dispatch for ROS interfaces[0m
[ 29%] [34m[1mGenerating C introspection for ROS interfaces[0m
[35m[1mScanning dependencies of target zed_topic_benchmark_interfaces__rosidl_typesupport_cpp[0m
[ 32%] [32mBuilding CXX object CMakeFiles/zed_topic_benchmark_interfaces__rosidl_typesupport_cpp.dir/rosidl_typesupport_cpp/zed_topic_benchmark_interfaces/msg/benchmark_stats_stamped__type_support.cpp.o[0m
[35m[1mScanning dependencies of target zed_topic_benchmark_interfaces__rosidl_typesupport_fastrtps_cpp[0m
[ 35%] [32mBuilding CXX object CMakeFiles/zed_topic_benchmark_interfaces__rosidl_typesupport_fastrtps_cpp.dir/rosidl_typesupport_fastrtps_cpp/zed_topic_benchmark_interfaces/msg/detail/dds_fastrtps/benchmark_stats_stamped__type_support.cpp.o[0m
[35m[1mScanning dependencies of target zed_topic_benchmark_interfaces__rosidl_typesupport_c[0m
[35m[1mScanning dependencies of target zed_topic_benchmark_interfaces__rosidl_typesupport_introspection_cpp[0m
[ 38%] [32mBuilding CXX object CMakeFiles/zed_topic_benchmark_interfaces__rosidl_typesupport_introspection_cpp.dir/rosidl_typesupport_introspection_cpp/zed_topic_benchmark_interfaces/msg/detail/benchmark_stats_stamped__type_support.cpp.o[0m
[ 41%] [32mBuilding CXX object CMakeFiles/zed_topic_benchmark_interfaces__rosidl_typesupport_c.dir/rosidl_typesupport_c/zed_topic_benchmark_interfaces/msg/benchmark_stats_stamped__type_support.cpp.o[0m
[ 45%] [32m[1mLinking CXX shared library libzed_topic_benchmark_interfaces__rosidl_typesupport_c.so[0m
[ 48%] [32m[1mLinking CXX shared library libzed_topic_benchmark_interfaces__rosidl_typesupport_cpp.so[0m
[ 48%] Built target zed_topic_benchmark_interfaces__rosidl_typesupport_cpp
[ 48%] Built target zed_topic_benchmark_interfaces__rosidl_typesupport_c
[35m[1mScanning dependencies of target zed_topic_benchmark_interfaces__rosidl_typesupport_introspection_c[0m
[ 51%] [32mBuilding C object CMakeFiles/zed_topic_benchmark_interfaces__rosidl_typesupport_introspection_c.dir/rosidl_typesupport_introspection_c/zed_topic_benchmark_interfaces/msg/detail/benchmark_stats_stamped__type_support.c.o[0m
[ 54%] [32m[1mLinking C shared library libzed_topic_benchmark_interfaces__rosidl_typesupport_introspection_c.so[0m
[ 58%] [32m[1mLinking CXX shared library libzed_topic_benchmark_interfaces__rosidl_typesupport_fastrtps_cpp.so[0m
[ 58%] Built target zed_topic_benchmark_interfaces__rosidl_typesupport_introspection_c
[ 61%] [32m[1mLinking CXX shared library libzed_topic_benchmark_interfaces__rosidl_typesupport_introspection_cpp.so[0m
[ 61%] Built target zed_topic_benchmark_interfaces__rosidl_typesupport_fastrtps_cpp
[ 64%] [34m[1mGenerating C type support for eProsima Fast-RTPS[0m
[ 64%] Built target zed_topic_benchmark_interfaces__rosidl_typesupport_introspection_cpp
[35m[1mScanning dependencies of target zed_topic_benchmark_interfaces__rosidl_typesupport_fastrtps_c[0m
[ 67%] [32mBuilding CXX object CMakeFiles/zed_topic_benchmark_interfaces__rosidl_typesupport_fastrtps_c.dir/rosidl_typesupport_fastrtps_c/zed_topic_benchmark_interfaces/msg/detail/benchmark_stats_stamped__type_support_c.cpp.o[0m
[ 70%] [32m[1mLinking CXX shared library libzed_topic_benchmark_interfaces__rosidl_typesupport_fastrtps_c.so[0m
[ 70%] Built target zed_topic_benchmark_interfaces__rosidl_typesupport_fastrtps_c
[35m[1mScanning dependencies of target zed_topic_benchmark_interfaces[0m
[ 70%] Built target zed_topic_benchmark_interfaces
[35m[1mScanning dependencies of target zed_topic_benchmark_interfaces__py[0m
[ 74%] [34m[1mGenerating Python code for ROS interfaces[0m
ImportError in template '/opt/ros/foxy/share/rosidl_generator_py/cmake/../resource/_msg.py.em': 

IMPORTANT: PLEASE READ THIS FOR ADVICE ON HOW TO SOLVE THIS ISSUE!

Importing the numpy C-extensions failed. This error can happen for
many reasons, often due to issues with your setup or how NumPy was
installed.

We have compiled some common reasons and troubleshooting tips at:

    https://numpy.org/devdocs/user/troubleshooting-importerror.html

Please note and check the following:

  * The Python version is: Python3.9 from "/home/song/anaconda3/bin/python3"
  * The NumPy version is: "1.23.1"

and make sure that they are the versions you expect.
Please carefully study the documentation linked above for further help.

Original error was: No module named 'numpy.core._multiarray_umath'

ImportError when expanding '_idl.py.em' into '/home/song/steadylab/src/build/zed_topic_benchmark_interfaces/rosidl_generator_py/zed_topic_benchmark_interfaces/msg/_benchmark_stats_stamped.py': 

IMPORTANT: PLEASE READ THIS FOR ADVICE ON HOW TO SOLVE THIS ISSUE!

Importing the numpy C-extensions failed. This error can happen for
many reasons, often due to issues with your setup or how NumPy was
installed.

We have compiled some common reasons and troubleshooting tips at:

    https://numpy.org/devdocs/user/troubleshooting-importerror.html

Please note and check the following:

  * The Python version is: Python3.9 from "/home/song/anaconda3/bin/python3"
  * The NumPy version is: "1.23.1"

and make sure that they are the versions you expect.
Please carefully study the documentation linked above for further help.

Original error was: No module named 'numpy.core._multiarray_umath'

Error processing idl file: /home/song/steadylab/src/build/zed_topic_benchmark_interfaces/rosidl_adapter/zed_topic_benchmark_interfaces/msg/BenchmarkStatsStamped.idl
Traceback (most recent call last):
  File "/opt/ros/foxy/lib/python3.8/site-packages/numpy/core/__init__.py", line 23, in <module>
    from . import multiarray
  File "/opt/ros/foxy/lib/python3.8/site-packages/numpy/core/multiarray.py", line 10, in <module>
    from . import overrides
  File "/opt/ros/foxy/lib/python3.8/site-packages/numpy/core/overrides.py", line 6, in <module>
    from numpy.core._multiarray_umath import (
ModuleNotFoundError: No module named 'numpy.core._multiarray_umath'

During handling of the above exception, another exception occurred:

Traceback (most recent call last):
  File "/opt/ros/foxy/share/rosidl_generator_py/cmake/../../../lib/rosidl_generator_py/rosidl_generator_py", line 40, in <module>
    sys.exit(main())
  File "/opt/ros/foxy/share/rosidl_generator_py/cmake/../../../lib/rosidl_generator_py/rosidl_generator_py", line 36, in main
    return generate_py(args.generator_arguments_file, args.typesupport_impls.split(';'))
  File "/opt/ros/foxy/lib/python3.8/site-packages/rosidl_generator_py/generate_py_impl.py", line 61, in generate_py
    generate_files(generator_arguments_file, mapping)
  File "/opt/ros/foxy/lib/python3.8/site-packages/rosidl_cmake/__init__.py", line 96, in generate_files
    raise(e)
  File "/opt/ros/foxy/lib/python3.8/site-packages/rosidl_cmake/__init__.py", line 87, in generate_files
    expand_template(
  File "/opt/ros/foxy/lib/python3.8/site-packages/rosidl_cmake/__init__.py", line 149, in expand_template
    interpreter.string(template_content, template_path, locals=data)
  File "/home/song/anaconda3/lib/python3.9/site-packages/em.py", line 2391, in string
    self.safe(scanner, True, locals)
  File "/home/song/anaconda3/lib/python3.9/site-packages/em.py", line 2401, in safe
    self.parse(scanner, locals)
  File "/home/song/anaconda3/lib/python3.9/site-packages/em.py", line 2421, in parse
    token.run(self, locals)
  File "/home/song/anaconda3/lib/python3.9/site-packages/em.py", line 1547, in run
    self.subrun(info[0][1], interpreter, locals)
  File "/home/song/anaconda3/lib/python3.9/site-packages/em.py", line 1631, in subrun
    token.run(interpreter, locals)
  File "/home/song/anaconda3/lib/python3.9/site-packages/em.py", line 1425, in run
    interpreter.execute(self.code, locals)
  File "/home/song/anaconda3/lib/python3.9/site-packages/em.py", line 2596, in execute
    _exec(statements, self.globals, locals)
  File "<string>", line 2, in <module>
  File "/opt/ros/foxy/lib/python3.8/site-packages/rosidl_cmake/__init__.py", line 198, in _expand_template
    interpreter.string(content, str(template_path), kwargs)
  File "/home/song/anaconda3/lib/python3.9/site-packages/em.py", line 2391, in string
    self.safe(scanner, True, locals)
  File "/home/song/anaconda3/lib/python3.9/site-packages/em.py", line 2401, in safe
    self.parse(scanner, locals)
  File "/home/song/anaconda3/lib/python3.9/site-packages/em.py", line 2421, in parse
    token.run(self, locals)
  File "/home/song/anaconda3/lib/python3.9/site-packages/em.py", line 1425, in run
    interpreter.execute(self.code, locals)
  File "/home/song/anaconda3/lib/python3.9/site-packages/em.py", line 2596, in execute
    _exec(statements, self.globals, locals)
  File "<string>", line 3, in <module>
  File "/opt/ros/foxy/lib/python3.8/site-packages/numpy/__init__.py", line 140, in <module>
    from . import core
  File "/opt/ros/foxy/lib/python3.8/site-packages/numpy/core/__init__.py", line 49, in <module>
    raise ImportError(msg)
ImportError: 

IMPORTANT: PLEASE READ THIS FOR ADVICE ON HOW TO SOLVE THIS ISSUE!

Importing the numpy C-extensions failed. This error can happen for
many reasons, often due to issues with your setup or how NumPy was
installed.

We have compiled some common reasons and troubleshooting tips at:

    https://numpy.org/devdocs/user/troubleshooting-importerror.html

Please note and check the following:

  * The Python version is: Python3.9 from "/home/song/anaconda3/bin/python3"
  * The NumPy version is: "1.23.1"

and make sure that they are the versions you expect.
Please carefully study the documentation linked above for further help.

Original error was: No module named 'numpy.core._multiarray_umath'

Exception ignored in: <function Interpreter.__del__ at 0x7f4ab32663a0>
Traceback (most recent call last):
  File "/home/song/anaconda3/lib/python3.9/site-packages/em.py", line 2094, in __del__
  File "/home/song/anaconda3/lib/python3.9/site-packages/em.py", line 2157, in shutdown
  File "/home/song/anaconda3/lib/python3.9/site-packages/em.py", line 2647, in finalize
  File "/home/song/anaconda3/lib/python3.9/site-packages/em.py", line 2200, in push
AttributeError: '_io.TextIOWrapper' object has no attribute 'push'
make[2]: *** [zed_topic_benchmark_interfaces__py/CMakeFiles/zed_topic_benchmark_interfaces__py.dir/build.make:111: rosidl_generator_py/zed_topic_benchmark_interfaces/_zed_topic_benchmark_interfaces_s.ep.rosidl_typesupport_fastrtps_c.c] ì˜¤ë¥˜ 1
make[1]: *** [CMakeFiles/Makefile2:581: zed_topic_benchmark_interfaces__py/CMakeFiles/zed_topic_benchmark_interfaces__py.dir/all] ì˜¤ë¥˜ 2
make: *** [Makefile:141: all] ì˜¤ë¥˜ 2
