[0.040s] Invoking command in '/home/song/steadylab/src/build/serial_communication': CMAKE_PREFIX_PATH=${CMAKE_PREFIX_PATH}:/home/song/steadylab/install/yo:/home/song/steadylab/install/steadylab:/opt/ros/foxy CONDA_PROMPT_MODIFIER=(base) /usr/bin/cmake --build /home/song/steadylab/src/build/serial_communication -- -j20 -l20
[0.704s] [35m[1mScanning dependencies of target serial_communication__cpp[0m
[0.704s] [  2%] [34m[1mGenerating C code for ROS interfaces[0m
[0.704s] [  5%] [34m[1mGenerating C++ code for ROS interfaces[0m
[0.704s] [35m[1mScanning dependencies of target serial_communication__rosidl_generator_c[0m
[0.705s] [  7%] [32mBuilding C object CMakeFiles/serial_communication__rosidl_generator_c.dir/rosidl_generator_c/serial_communication/msg/detail/write_car__functions.c.o[0m
[0.705s] [ 10%] [32mBuilding C object CMakeFiles/serial_communication__rosidl_generator_c.dir/rosidl_generator_c/serial_communication/msg/detail/read_car__functions.c.o[0m
[0.705s] [ 10%] Built target serial_communication__cpp
[0.748s] [ 12%] [34m[1mGenerating C++ type support for eProsima Fast-RTPS[0m
[0.751s] [ 15%] [34m[1mGenerating C++ type support dispatch for ROS interfaces[0m
[0.771s] [ 17%] [34m[1mGenerating C++ introspection for ROS interfaces[0m
[0.998s] [ 20%] [32m[1mLinking C shared library libserial_communication__rosidl_generator_c.so[0m
[1.120s] [ 20%] Built target serial_communication__rosidl_generator_c
[1.196s] [ 23%] [34m[1mGenerating C introspection for ROS interfaces[0m
[1.219s] [ 25%] [34m[1mGenerating C type support dispatch for ROS interfaces[0m
[1.242s] [35m[1mScanning dependencies of target serial_communication__rosidl_typesupport_fastrtps_cpp[0m
[1.300s] [ 28%] [32mBuilding CXX object CMakeFiles/serial_communication__rosidl_typesupport_fastrtps_cpp.dir/rosidl_typesupport_fastrtps_cpp/serial_communication/msg/detail/dds_fastrtps/write_car__type_support.cpp.o[0m
[1.332s] [ 30%] [32mBuilding CXX object CMakeFiles/serial_communication__rosidl_typesupport_fastrtps_cpp.dir/rosidl_typesupport_fastrtps_cpp/serial_communication/msg/detail/dds_fastrtps/read_car__type_support.cpp.o[0m
[1.356s] [35m[1mScanning dependencies of target serial_communication__rosidl_typesupport_introspection_cpp[0m
[1.414s] [35m[1mScanning dependencies of target serial_communication__rosidl_typesupport_cpp[0m
[1.419s] [ 33%] [32mBuilding CXX object CMakeFiles/serial_communication__rosidl_typesupport_introspection_cpp.dir/rosidl_typesupport_introspection_cpp/serial_communication/msg/detail/write_car__type_support.cpp.o[0m
[1.453s] [ 35%] [32mBuilding CXX object CMakeFiles/serial_communication__rosidl_typesupport_introspection_cpp.dir/rosidl_typesupport_introspection_cpp/serial_communication/msg/detail/read_car__type_support.cpp.o[0m
[1.473s] [ 38%] [32mBuilding CXX object CMakeFiles/serial_communication__rosidl_typesupport_cpp.dir/rosidl_typesupport_cpp/serial_communication/msg/write_car__type_support.cpp.o[0m
[1.510s] [ 41%] [32mBuilding CXX object CMakeFiles/serial_communication__rosidl_typesupport_cpp.dir/rosidl_typesupport_cpp/serial_communication/msg/read_car__type_support.cpp.o[0m
[1.648s] [35m[1mScanning dependencies of target serial_communication__rosidl_typesupport_introspection_c[0m
[1.728s] [ 43%] [32mBuilding C object CMakeFiles/serial_communication__rosidl_typesupport_introspection_c.dir/rosidl_typesupport_introspection_c/serial_communication/msg/detail/write_car__type_support.c.o[0m
[1.751s] [ 46%] [32mBuilding C object CMakeFiles/serial_communication__rosidl_typesupport_introspection_c.dir/rosidl_typesupport_introspection_c/serial_communication/msg/detail/read_car__type_support.c.o[0m
[1.890s] [ 48%] [32m[1mLinking C shared library libserial_communication__rosidl_typesupport_introspection_c.so[0m
[1.936s] [35m[1mScanning dependencies of target serial_communication__rosidl_typesupport_c[0m
[1.953s] [ 51%] [32mBuilding CXX object CMakeFiles/serial_communication__rosidl_typesupport_c.dir/rosidl_typesupport_c/serial_communication/msg/write_car__type_support.cpp.o[0m
[1.991s] [ 53%] [32mBuilding CXX object CMakeFiles/serial_communication__rosidl_typesupport_c.dir/rosidl_typesupport_c/serial_communication/msg/read_car__type_support.cpp.o[0m
[2.022s] [ 53%] Built target serial_communication__rosidl_typesupport_introspection_c
[2.029s] [ 56%] [32m[1mLinking CXX shared library libserial_communication__rosidl_typesupport_fastrtps_cpp.so[0m
[2.081s] [ 58%] [32m[1mLinking CXX shared library libserial_communication__rosidl_typesupport_c.so[0m
[2.130s] [ 61%] [32m[1mLinking CXX shared library libserial_communication__rosidl_typesupport_cpp.so[0m
[2.136s] [ 61%] Built target serial_communication__rosidl_typesupport_c
[2.145s] [ 61%] Built target serial_communication__rosidl_typesupport_fastrtps_cpp
[2.163s] [ 64%] [32m[1mLinking CXX shared library libserial_communication__rosidl_typesupport_introspection_cpp.so[0m
[2.176s] [ 66%] [34m[1mGenerating C type support for eProsima Fast-RTPS[0m
[2.195s] [ 66%] Built target serial_communication__rosidl_typesupport_cpp
[2.231s] [ 66%] Built target serial_communication__rosidl_typesupport_introspection_cpp
[2.553s] [35m[1mScanning dependencies of target serial_communication__rosidl_typesupport_fastrtps_c[0m
[2.568s] [ 71%] [32mBuilding CXX object CMakeFiles/serial_communication__rosidl_typesupport_fastrtps_c.dir/rosidl_typesupport_fastrtps_c/serial_communication/msg/detail/write_car__type_support_c.cpp.o[0m
[2.568s] [ 71%] [32mBuilding CXX object CMakeFiles/serial_communication__rosidl_typesupport_fastrtps_c.dir/rosidl_typesupport_fastrtps_c/serial_communication/msg/detail/read_car__type_support_c.cpp.o[0m
[3.091s] [ 74%] [32m[1mLinking CXX shared library libserial_communication__rosidl_typesupport_fastrtps_c.so[0m
[3.298s] [ 74%] Built target serial_communication__rosidl_typesupport_fastrtps_c
[3.314s] [35m[1mScanning dependencies of target serial_communication[0m
[3.361s] [ 74%] Built target serial_communication
[3.431s] [35m[1mScanning dependencies of target serial_communication__py[0m
[3.458s] [ 76%] [34m[1mGenerating Python code for ROS interfaces[0m
[3.728s] ImportError in template '/opt/ros/foxy/share/rosidl_generator_py/cmake/../resource/_msg.py.em': 
[3.729s] 
[3.729s] IMPORTANT: PLEASE READ THIS FOR ADVICE ON HOW TO SOLVE THIS ISSUE!
[3.729s] 
[3.729s] Importing the numpy C-extensions failed. This error can happen for
[3.730s] many reasons, often due to issues with your setup or how NumPy was
[3.730s] installed.
[3.730s] 
[3.730s] We have compiled some common reasons and troubleshooting tips at:
[3.730s] 
[3.730s]     https://numpy.org/devdocs/user/troubleshooting-importerror.html
[3.730s] 
[3.731s] Please note and check the following:
[3.731s] 
[3.731s]   * The Python version is: Python3.9 from "/home/song/anaconda3/bin/python3"
[3.731s]   * The NumPy version is: "1.23.1"
[3.731s] 
[3.731s] and make sure that they are the versions you expect.
[3.731s] Please carefully study the documentation linked above for further help.
[3.732s] 
[3.732s] Original error was: No module named 'numpy.core._multiarray_umath'
[3.732s] 
[3.732s] ImportError when expanding '_idl.py.em' into '/home/song/steadylab/src/build/serial_communication/rosidl_generator_py/serial_communication/msg/_write_car.py': 
[3.732s] 
[3.732s] IMPORTANT: PLEASE READ THIS FOR ADVICE ON HOW TO SOLVE THIS ISSUE!
[3.732s] 
[3.733s] Importing the numpy C-extensions failed. This error can happen for
[3.733s] many reasons, often due to issues with your setup or how NumPy was
[3.733s] installed.
[3.733s] 
[3.733s] We have compiled some common reasons and troubleshooting tips at:
[3.733s] 
[3.733s]     https://numpy.org/devdocs/user/troubleshooting-importerror.html
[3.734s] 
[3.734s] Please note and check the following:
[3.734s] 
[3.734s]   * The Python version is: Python3.9 from "/home/song/anaconda3/bin/python3"
[3.734s]   * The NumPy version is: "1.23.1"
[3.734s] 
[3.734s] and make sure that they are the versions you expect.
[3.735s] Please carefully study the documentation linked above for further help.
[3.735s] 
[3.735s] Original error was: No module named 'numpy.core._multiarray_umath'
[3.735s] 
[3.735s] Error processing idl file: /home/song/steadylab/src/build/serial_communication/rosidl_adapter/serial_communication/msg/WriteCar.idl
[3.735s] Traceback (most recent call last):
[3.735s]   File "/opt/ros/foxy/lib/python3.8/site-packages/numpy/core/__init__.py", line 23, in <module>
[3.736s]     from . import multiarray
[3.736s]   File "/opt/ros/foxy/lib/python3.8/site-packages/numpy/core/multiarray.py", line 10, in <module>
[3.736s]     from . import overrides
[3.736s]   File "/opt/ros/foxy/lib/python3.8/site-packages/numpy/core/overrides.py", line 6, in <module>
[3.736s]     from numpy.core._multiarray_umath import (
[3.736s] ModuleNotFoundError: No module named 'numpy.core._multiarray_umath'
[3.737s] 
[3.737s] During handling of the above exception, another exception occurred:
[3.737s] 
[3.737s] Traceback (most recent call last):
[3.737s]   File "/opt/ros/foxy/share/rosidl_generator_py/cmake/../../../lib/rosidl_generator_py/rosidl_generator_py", line 40, in <module>
[3.737s]     sys.exit(main())
[3.737s]   File "/opt/ros/foxy/share/rosidl_generator_py/cmake/../../../lib/rosidl_generator_py/rosidl_generator_py", line 36, in main
[3.737s]     return generate_py(args.generator_arguments_file, args.typesupport_impls.split(';'))
[3.737s]   File "/opt/ros/foxy/lib/python3.8/site-packages/rosidl_generator_py/generate_py_impl.py", line 61, in generate_py
[3.738s]     generate_files(generator_arguments_file, mapping)
[3.738s]   File "/opt/ros/foxy/lib/python3.8/site-packages/rosidl_cmake/__init__.py", line 96, in generate_files
[3.738s]     raise(e)
[3.738s]   File "/opt/ros/foxy/lib/python3.8/site-packages/rosidl_cmake/__init__.py", line 87, in generate_files
[3.738s]     expand_template(
[3.738s]   File "/opt/ros/foxy/lib/python3.8/site-packages/rosidl_cmake/__init__.py", line 149, in expand_template
[3.738s]     interpreter.string(template_content, template_path, locals=data)
[3.738s]   File "/home/song/anaconda3/lib/python3.9/site-packages/em.py", line 2391, in string
[3.738s]     self.safe(scanner, True, locals)
[3.738s]   File "/home/song/anaconda3/lib/python3.9/site-packages/em.py", line 2401, in safe
[3.739s]     self.parse(scanner, locals)
[3.739s]   File "/home/song/anaconda3/lib/python3.9/site-packages/em.py", line 2421, in parse
[3.739s]     token.run(self, locals)
[3.739s]   File "/home/song/anaconda3/lib/python3.9/site-packages/em.py", line 1547, in run
[3.739s]     self.subrun(info[0][1], interpreter, locals)
[3.739s]   File "/home/song/anaconda3/lib/python3.9/site-packages/em.py", line 1631, in subrun
[3.739s]     token.run(interpreter, locals)
[3.739s]   File "/home/song/anaconda3/lib/python3.9/site-packages/em.py", line 1425, in run
[3.739s]     interpreter.execute(self.code, locals)
[3.740s]   File "/home/song/anaconda3/lib/python3.9/site-packages/em.py", line 2596, in execute
[3.740s]     _exec(statements, self.globals, locals)
[3.740s]   File "<string>", line 2, in <module>
[3.740s]   File "/opt/ros/foxy/lib/python3.8/site-packages/rosidl_cmake/__init__.py", line 198, in _expand_template
[3.740s]     interpreter.string(content, str(template_path), kwargs)
[3.740s]   File "/home/song/anaconda3/lib/python3.9/site-packages/em.py", line 2391, in string
[3.740s]     self.safe(scanner, True, locals)
[3.740s]   File "/home/song/anaconda3/lib/python3.9/site-packages/em.py", line 2401, in safe
[3.740s]     self.parse(scanner, locals)
[3.740s]   File "/home/song/anaconda3/lib/python3.9/site-packages/em.py", line 2421, in parse
[3.741s]     token.run(self, locals)
[3.741s]   File "/home/song/anaconda3/lib/python3.9/site-packages/em.py", line 1425, in run
[3.741s]     interpreter.execute(self.code, locals)
[3.741s]   File "/home/song/anaconda3/lib/python3.9/site-packages/em.py", line 2596, in execute
[3.741s]     _exec(statements, self.globals, locals)
[3.741s]   File "<string>", line 3, in <module>
[3.741s]   File "/opt/ros/foxy/lib/python3.8/site-packages/numpy/__init__.py", line 140, in <module>
[3.741s]     from . import core
[3.741s]   File "/opt/ros/foxy/lib/python3.8/site-packages/numpy/core/__init__.py", line 49, in <module>
[3.741s]     raise ImportError(msg)
[3.742s] ImportError: 
[3.742s] 
[3.742s] IMPORTANT: PLEASE READ THIS FOR ADVICE ON HOW TO SOLVE THIS ISSUE!
[3.742s] 
[3.742s] Importing the numpy C-extensions failed. This error can happen for
[3.742s] many reasons, often due to issues with your setup or how NumPy was
[3.742s] installed.
[3.742s] 
[3.742s] We have compiled some common reasons and troubleshooting tips at:
[3.743s] 
[3.743s]     https://numpy.org/devdocs/user/troubleshooting-importerror.html
[3.743s] 
[3.743s] Please note and check the following:
[3.743s] 
[3.743s]   * The Python version is: Python3.9 from "/home/song/anaconda3/bin/python3"
[3.743s]   * The NumPy version is: "1.23.1"
[3.743s] 
[3.743s] and make sure that they are the versions you expect.
[3.743s] Please carefully study the documentation linked above for further help.
[3.744s] 
[3.744s] Original error was: No module named 'numpy.core._multiarray_umath'
[3.744s] 
[3.753s] Exception ignored in: <function Interpreter.__del__ at 0x7f9fbce263a0>
[3.753s] Traceback (most recent call last):
[3.753s]   File "/home/song/anaconda3/lib/python3.9/site-packages/em.py", line 2094, in __del__
[3.753s]   File "/home/song/anaconda3/lib/python3.9/site-packages/em.py", line 2157, in shutdown
[3.753s]   File "/home/song/anaconda3/lib/python3.9/site-packages/em.py", line 2647, in finalize
[3.753s]   File "/home/song/anaconda3/lib/python3.9/site-packages/em.py", line 2200, in push
[3.754s] AttributeError: '_io.TextIOWrapper' object has no attribute 'push'
[3.764s] make[2]: *** [serial_communication__py/CMakeFiles/serial_communication__py.dir/build.make:82: rosidl_generator_py/serial_communication/_serial_communication_s.ep.rosidl_typesupport_fastrtps_c.c] ì˜¤ë¥˜ 1
[3.764s] make[1]: *** [CMakeFiles/Makefile2:553: serial_communication__py/CMakeFiles/serial_communication__py.dir/all] ì˜¤ë¥˜ 2
[3.765s] make: *** [Makefile:141: all] ì˜¤ë¥˜ 2
