-- The C compiler identification is GNU 9.4.0
-- The CXX compiler identification is GNU 9.4.0
-- Check for working C compiler: /usr/bin/cc
-- Check for working C compiler: /usr/bin/cc -- works
-- Detecting C compiler ABI info
-- Detecting C compiler ABI info - done
-- Detecting C compile features
-- Detecting C compile features - done
-- Check for working CXX compiler: /usr/bin/c++
-- Check for working CXX compiler: /usr/bin/c++ -- works
-- Detecting CXX compiler ABI info
-- Detecting CXX compiler ABI info - done
-- Detecting CXX compile features
-- Detecting CXX compile features - done
-- Found rosidl_default_generators: 1.0.1 (/opt/ros/foxy/share/rosidl_default_generators/cmake)
-- Found ament_cmake_core: 0.9.12 (/opt/ros/foxy/share/ament_cmake_core/cmake)
-- Found PythonInterp: /home/song/anaconda3/bin/python3 (found suitable version "3.9.13", minimum required is "3") 
-- Using PYTHON_EXECUTABLE: /home/song/anaconda3/bin/python3
-- Using all available rosidl_typesupport_c: rosidl_typesupport_fastrtps_c;rosidl_typesupport_introspection_c
-- Found rosidl_adapter: 1.3.1 (/opt/ros/foxy/share/rosidl_adapter/cmake)
-- Found OpenSSL: /usr/lib/x86_64-linux-gnu/libcrypto.so (found version "1.1.1f")  
-- Found FastRTPS: /opt/ros/foxy/include  
-- Using all available rosidl_typesupport_cpp: rosidl_typesupport_fastrtps_cpp;rosidl_typesupport_introspection_cpp
-- Found rclpy: 1.0.13 (/opt/ros/foxy/share/rclpy/cmake)
-- Found std_msgs: 2.0.5 (/opt/ros/foxy/share/std_msgs/cmake)
-- Found PythonInterp: /home/song/anaconda3/bin/python3 (found version "3.9.13") 
-- Found ament_cmake_ros: 0.9.2 (/opt/ros/foxy/share/ament_cmake_ros/cmake)
-- Using all available rosidl_typesupport_c: rosidl_typesupport_fastrtps_c;rosidl_typesupport_introspection_c
-- Using all available rosidl_typesupport_cpp: rosidl_typesupport_fastrtps_cpp;rosidl_typesupport_introspection_cpp
-- Found PythonInterp: /home/song/anaconda3/bin/python3 (found suitable version "3.9.13", minimum required is "3.5") 
-- Found python_cmake_module: 0.8.1 (/opt/ros/foxy/share/python_cmake_module/cmake)
-- Found PythonLibs: /home/song/anaconda3/lib/libpython3.9.so (found suitable version "3.9.13", minimum required is "3.5") 
-- Using PYTHON_EXECUTABLE: /home/song/anaconda3/bin/python3
-- Using PYTHON_INCLUDE_DIRS: /home/song/anaconda3/include/python3.9
-- Using PYTHON_LIBRARIES: /home/song/anaconda3/lib/libpython3.9.so
-- Found PythonExtra: .so  
-- Found ament_lint_auto: 0.9.8 (/opt/ros/foxy/share/ament_lint_auto/cmake)
-- Added test 'copyright' to check source files copyright and LICENSE
-- Added test 'lint_cmake' to check CMake code style
-- Added test 'xmllint' to check XML markup files
-- Configuring done
CMake Warning at /opt/ros/foxy/share/rosidl_generator_py/cmake/rosidl_generator_py_generate_interfaces.cmake:235 (add_library):
  Cannot generate a safe runtime search path for target
  steady_msgs__rosidl_typesupport_fastrtps_c__pyext because files in some
  directories may conflict with libraries in implicit directories:

    runtime library [libssl.so.1.1] in /usr/lib/x86_64-linux-gnu may be hidden by files in:
      /home/song/anaconda3/lib
    runtime library [libcrypto.so.1.1] in /usr/lib/x86_64-linux-gnu may be hidden by files in:
      /home/song/anaconda3/lib

  Some of these libraries may not be found correctly.
Call Stack (most recent call first):
  /opt/ros/foxy/share/ament_cmake_core/cmake/core/ament_execute_extensions.cmake:48 (include)
  /opt/ros/foxy/share/rosidl_cmake/cmake/rosidl_generate_interfaces.cmake:286 (ament_execute_extensions)
  CMakeLists.txt:14 (rosidl_generate_interfaces)


-- Generating done
-- Build files have been written to: /home/song/steadylab/src/build/steady_msgs
[35m[1mScanning dependencies of target steady_msgs__cpp[0m
[  2%] [34m[1mGenerating C code for ROS interfaces[0m
[  4%] [34m[1mGenerating C++ code for ROS interfaces[0m
[  4%] Built target steady_msgs__cpp
[  6%] [34m[1mGenerating C++ introspection for ROS interfaces[0m
[  8%] [34m[1mGenerating C++ type support for eProsima Fast-RTPS[0m
[ 10%] [34m[1mGenerating C++ type support dispatch for ROS interfaces[0m
[35m[1mScanning dependencies of target steady_msgs__rosidl_generator_c[0m
[ 17%] [32mBuilding C object CMakeFiles/steady_msgs__rosidl_generator_c.dir/rosidl_generator_c/steady_msgs/msg/detail/write_car__functions.c.o[0m
[ 17%] [32mBuilding C object CMakeFiles/steady_msgs__rosidl_generator_c.dir/rosidl_generator_c/steady_msgs/msg/detail/boxes__functions.c.o[0m
[ 17%] [32mBuilding C object CMakeFiles/steady_msgs__rosidl_generator_c.dir/rosidl_generator_c/steady_msgs/msg/detail/read_car__functions.c.o[0m
[ 19%] [32m[1mLinking C shared library libsteady_msgs__rosidl_generator_c.so[0m
[ 19%] Built target steady_msgs__rosidl_generator_c
[ 23%] [34m[1mGenerating C introspection for ROS interfaces[0m
[ 23%] [34m[1mGenerating C type support dispatch for ROS interfaces[0m
Traceback (most recent call last):
Traceback (most recent call last):
Traceback (most recent call last):
  File "/opt/ros/foxy/lib/rosidl_typesupport_c/rosidl_typesupport_c", line 28, in <module>
  File "/opt/ros/foxy/lib/rosidl_typesupport_introspection_cpp/rosidl_typesupport_introspection_cpp", line 23, in <module>
  File "/opt/ros/foxy/lib/rosidl_typesupport_fastrtps_cpp/rosidl_typesupport_fastrtps_cpp", line 23, in <module>
Traceback (most recent call last):
  File "/home/song/anaconda3/lib/python3.9/site-packages/lark/visitors.py", line 115, in _call_userfunc
    sys.exit(main())
    sys.exit(main())
    sys.exit(main())
  File "/opt/ros/foxy/lib/rosidl_typesupport_fastrtps_cpp/rosidl_typesupport_fastrtps_cpp", line 19, in main
make[2]: *** 'rosidl_typesupport_fastrtps_cpp/steady_msgs/msg/detail/dds_fastrtps/write_car__type_support.cpp' νμΌμ„ μ‚­μ ν•©λ‹λ‹¤
  File "/opt/ros/foxy/lib/rosidl_typesupport_c/rosidl_typesupport_c", line 24, in main
  File "/opt/ros/foxy/lib/rosidl_typesupport_introspection_cpp/rosidl_typesupport_introspection_cpp", line 19, in main
    return generate_cpp(args.generator_arguments_file)
  File "/opt/ros/foxy/lib/python3.8/site-packages/rosidl_typesupport_fastrtps_cpp/__init__.py", line 24, in generate_cpp
    return generate_c(args.generator_arguments_file, args.typesupports)
  File "/opt/ros/foxy/lib/python3.8/site-packages/rosidl_typesupport_c/__init__.py", line 28, in generate_c
    return generate_cpp(args.generator_arguments_file)
  File "/opt/ros/foxy/lib/python3.8/site-packages/rosidl_typesupport_introspection_cpp/__init__.py", line 24, in generate_cpp
    generate_files(generator_arguments_file, mapping)
  File "/opt/ros/foxy/lib/python3.8/site-packages/rosidl_cmake/__init__.py", line 74, in generate_files
    generate_files(
  File "/opt/ros/foxy/lib/python3.8/site-packages/rosidl_cmake/__init__.py", line 74, in generate_files
    generate_files(generator_arguments_file, mapping)
  File "/opt/ros/foxy/lib/python3.8/site-packages/rosidl_cmake/__init__.py", line 87, in generate_files
    idl_file = parse_idl_file(locator)
  File "/opt/ros/foxy/lib/python3.8/site-packages/rosidl_parser/parser.py", line 64, in parse_idl_file
    idl_file = parse_idl_file(locator)
make[2]: *** 'rosidl_typesupport_introspection_cpp/steady_msgs/msg/detail/write_car__rosidl_typesupport_introspection_cpp.hpp' νμΌμ„ μ‚­μ ν•©λ‹λ‹¤
make[2]: *** 'rosidl_typesupport_cpp/steady_msgs/msg/read_car__type_support.cpp' νμΌμ„ μ‚­μ ν•©λ‹λ‹¤
  File "/opt/ros/foxy/lib/python3.8/site-packages/rosidl_parser/parser.py", line 64, in parse_idl_file
    content = parse_idl_string(string, png_file=png_file)
  File "/opt/ros/foxy/lib/python3.8/site-packages/rosidl_parser/parser.py", line 72, in parse_idl_string
    expand_template(
  File "/opt/ros/foxy/lib/python3.8/site-packages/rosidl_cmake/__init__.py", line 149, in expand_template
    tree = get_ast_from_idl_string(idl_string)
  File "/opt/ros/foxy/lib/python3.8/site-packages/rosidl_parser/parser.py", line 89, in get_ast_from_idl_string
    content = parse_idl_string(string, png_file=png_file)
  File "/opt/ros/foxy/lib/python3.8/site-packages/rosidl_parser/parser.py", line 72, in parse_idl_string
make[2]: *** 'rosidl_typesupport_cpp/steady_msgs/msg/boxes__type_support.cpp' νμΌμ„ μ‚­μ ν•©λ‹λ‹¤
    interpreter.string(template_content, template_path, locals=data)
    return _parser.parse(idl_string)
  File "/home/song/anaconda3/lib/python3.9/site-packages/em.py", line 2391, in string
  File "/home/song/anaconda3/lib/python3.9/site-packages/lark/lark.py", line 652, in parse
    tree = get_ast_from_idl_string(idl_string)
  File "/opt/ros/foxy/lib/python3.8/site-packages/rosidl_parser/parser.py", line 88, in get_ast_from_idl_string
    _parser = Lark(grammar, start='specification')
  File "/home/song/anaconda3/lib/python3.9/site-packages/lark/lark.py", line 406, in __init__
make[2]: *** [CMakeFiles/steady_msgs__rosidl_typesupport_cpp.dir/build.make:76: rosidl_typesupport_cpp/steady_msgs/msg/boxes__type_support.cpp] μΈν„°λ½νΈ
make[2]: *** [CMakeFiles/steady_msgs__rosidl_typesupport_cpp.dir/build.make:73: rosidl_typesupport_cpp/steady_msgs/msg/read_car__type_support.cpp] μΈν„°λ½νΈ
    f = getattr(self, tree.data)
AttributeError: 'Transformer_NonRecursive' object has no attribute 'literal'

During handling of the above exception, another exception occurred:

Traceback (most recent call last):
  File "/opt/ros/foxy/lib/rosidl_typesupport_introspection_c/rosidl_typesupport_introspection_c", line 23, in <module>
    sys.exit(main())
  File "/opt/ros/foxy/lib/rosidl_typesupport_introspection_c/rosidl_typesupport_introspection_c", line 19, in main
    return generate_c(args.generator_arguments_file)
  File "/opt/ros/foxy/lib/python3.8/site-packages/rosidl_typesupport_introspection_c/__init__.py", line 24, in generate_c
make[1]: *** [CMakeFiles/Makefile2:498: CMakeFiles/steady_msgs__rosidl_typesupport_cpp.dir/all] μΈν„°λ½νΈ
    self.terminals, self.rules, self.ignore_tokens = self.grammar.compile(self.options.start, terminals_to_keep)
  File "/home/song/anaconda3/lib/python3.9/site-packages/lark/load_grammar.py", line 701, in compile
    generate_files(generator_arguments_file, mapping)
  File "/opt/ros/foxy/lib/python3.8/site-packages/rosidl_cmake/__init__.py", line 74, in generate_files
    return self.parser.parse(text, start=start, on_error=on_error)
  File "/home/song/anaconda3/lib/python3.9/site-packages/lark/parser_frontends.py", line 101, in parse
    idl_file = parse_idl_file(locator)
  File "/opt/ros/foxy/lib/python3.8/site-packages/rosidl_parser/parser.py", line 64, in parse_idl_file
    content = parse_idl_string(string, png_file=png_file)
  File "/opt/ros/foxy/lib/python3.8/site-packages/rosidl_parser/parser.py", line 72, in parse_idl_string
    tree = get_ast_from_idl_string(idl_string)
  File "/opt/ros/foxy/lib/python3.8/site-packages/rosidl_parser/parser.py", line 88, in get_ast_from_idl_string
    _parser = Lark(grammar, start='specification')
  File "/home/song/anaconda3/lib/python3.9/site-packages/lark/lark.py", line 406, in __init__
    self.terminals, self.rules, self.ignore_tokens = self.grammar.compile(self.options.start, terminals_to_keep)
  File "/home/song/anaconda3/lib/python3.9/site-packages/lark/load_grammar.py", line 690, in compile
    return self.parser.parse(stream, chosen_start, **kw)
  File "/home/song/anaconda3/lib/python3.9/site-packages/lark/parsers/earley.py", line 302, in parse
    self.safe(scanner, True, locals)
  File "/home/song/anaconda3/lib/python3.9/site-packages/em.py", line 2401, in safe
    return transformer.transform(solutions[0])
  File "/home/song/anaconda3/lib/python3.9/site-packages/lark/parsers/earley_forest.py", line 395, in transform
    rule_defs = [(n, p, nr_deepcopy_tree(t), o) for n, p, t, o in self.rule_defs]
  File "/home/song/anaconda3/lib/python3.9/site-packages/lark/load_grammar.py", line 690, in <listcomp>
    expansions = list(term_tree.find_data('expansion'))
  File "/home/song/anaconda3/lib/python3.9/site-packages/lark/tree.py", line 175, in find_data
    rule_defs = [(n, p, nr_deepcopy_tree(t), o) for n, p, t, o in self.rule_defs]
  File "/home/song/anaconda3/lib/python3.9/site-packages/lark/load_grammar.py", line 672, in nr_deepcopy_tree
    self.parse(scanner, locals)
  File "/home/song/anaconda3/lib/python3.9/site-packages/em.py", line 2417, in parse
    return Transformer_NonRecursive(False).transform(t)
  File "/home/song/anaconda3/lib/python3.9/site-packages/lark/visitors.py", line 314, in transform
    res = self._call_userfunc(x, args)
  File "/home/song/anaconda3/lib/python3.9/site-packages/lark/visitors.py", line 117, in _call_userfunc
    return self.__default__(tree.data, children, tree.meta)
  File "/home/song/anaconda3/lib/python3.9/site-packages/lark/tree.py", line 66, in meta
    return self.find_pred(lambda t: t.data == data)
    self.visit(root)
  File "/home/song/anaconda3/lib/python3.9/site-packages/lark/tree.py", line 171, in find_pred
    @property
  File "/home/song/anaconda3/lib/python3.9/site-packages/lark/parsers/earley_forest.py", line 531, in visit
KeyboardInterrupt
    return filter(pred, self.iter_subtrees())
  File "/home/song/anaconda3/lib/python3.9/site-packages/lark/tree.py", line 147, in iter_subtrees
    queue += [c for c in reversed(subtree.children)  # type: ignore[misc]
KeyboardInterrupt
    token = scanner.one()
  File "/home/song/anaconda3/lib/python3.9/site-packages/em.py", line 1984, in one
    self.prioritizer.visit(root)
  File "/home/song/anaconda3/lib/python3.9/site-packages/lark/parsers/earley_forest.py", line 355, in visit
    next_node = vsni(current)
  File "/home/song/anaconda3/lib/python3.9/site-packages/lark/parsers/earley_forest.py", line 472, in visit_symbol_node_in
    token.scan(self)
  File "/home/song/anaconda3/lib/python3.9/site-packages/em.py", line 1468, in scan
    return iter(node.children)
  File "/home/song/anaconda3/lib/python3.9/site-packages/lark/parsers/earley_forest.py", line 88, in children
    self.load_paths()
  File "/home/song/anaconda3/lib/python3.9/site-packages/lark/parsers/earley_forest.py", line 69, in load_paths
    for transitive, node in self.paths:
KeyboardInterrupt
    self.subscan(scanner, self.type)
  File "/home/song/anaconda3/lib/python3.9/site-packages/em.py", line 1483, in subscan
    token = scanner.one()
  File "/home/song/anaconda3/lib/python3.9/site-packages/em.py", line 1984, in one
    token.scan(self)
  File "/home/song/anaconda3/lib/python3.9/site-packages/em.py", line 1421, in scan
    i = scanner.complex('{', '}', 0)
  File "/home/song/anaconda3/lib/python3.9/site-packages/em.py", line 1907, in complex
    if c == enter:
KeyboardInterrupt
Exception ignored in: <function Interpreter.__del__ at 0x7f77bf65fca0>
Traceback (most recent call last):
  File "/home/song/anaconda3/lib/python3.9/site-packages/em.py", line 2094, in __del__
  File "/home/song/anaconda3/lib/python3.9/site-packages/em.py", line 2157, in shutdown
  File "/home/song/anaconda3/lib/python3.9/site-packages/em.py", line 2647, in finalize
  File "/home/song/anaconda3/lib/python3.9/site-packages/em.py", line 2200, in push
AttributeError: '_io.TextIOWrapper' object has no attribute 'push'
make[2]: *** [CMakeFiles/steady_msgs__rosidl_typesupport_introspection_c.dir/build.make:72: rosidl_typesupport_introspection_c/steady_msgs/msg/detail/write_car__rosidl_typesupport_introspection_c.h] μΈν„°λ½νΈ
make[2]: *** [CMakeFiles/steady_msgs__rosidl_typesupport_c.dir/build.make:70: rosidl_typesupport_c/steady_msgs/msg/write_car__type_support.cpp] μΈν„°λ½νΈ
make[1]: *** [CMakeFiles/Makefile2:327: CMakeFiles/steady_msgs__rosidl_typesupport_introspection_c.dir/all] μΈν„°λ½νΈ
make[1]: *** [CMakeFiles/Makefile2:411: CMakeFiles/steady_msgs__rosidl_typesupport_c.dir/all] μΈν„°λ½νΈ
make[2]: *** [CMakeFiles/steady_msgs__rosidl_typesupport_fastrtps_cpp.dir/build.make:72: rosidl_typesupport_fastrtps_cpp/steady_msgs/msg/detail/dds_fastrtps/write_car__type_support.cpp] μΈν„°λ½νΈ
make[1]: *** [CMakeFiles/Makefile2:384: CMakeFiles/steady_msgs__rosidl_typesupport_fastrtps_cpp.dir/all] μΈν„°λ½νΈ
make[2]: *** [CMakeFiles/steady_msgs__rosidl_typesupport_introspection_cpp.dir/build.make:72: rosidl_typesupport_introspection_cpp/steady_msgs/msg/detail/write_car__rosidl_typesupport_introspection_cpp.hpp] μΈν„°λ½νΈ
make[1]: *** [CMakeFiles/Makefile2:525: CMakeFiles/steady_msgs__rosidl_typesupport_introspection_cpp.dir/all] μΈν„°λ½νΈ
make: *** [Makefile:141: all] μΈν„°λ½νΈ
